<?xml version="1.0" encoding="UTF-8"?>
<!-- Generated by org.testng.reporters.JUnitXMLReporter -->
<testsuite hostname="DESKTOP-8I3R0CG" ignored="0" name="Google" tests="13" failures="0" timestamp="27 Jul 2020 08:15:19 GMT" time="202.991" errors="0">
  <testcase name="test1" time="6.327" classname="GoogleTest.GoogleTest"/>
  <testcase name="test10" time="2.751" classname="GoogleTest.GoogleTest"/>
  <testcase name="test11" time="2.799" classname="GoogleTest.GoogleTest"/>
  <testcase name="test12" time="2.586" classname="GoogleTest.GoogleTest"/>
  <testcase name="test13" time="2.725" classname="GoogleTest.GoogleTest"/>
  <testcase name="test2" time="4.084" classname="GoogleTest.GoogleTest"/>
  <testcase name="test3" time="2.658" classname="GoogleTest.GoogleTest"/>
  <testcase name="test4" time="2.891" classname="GoogleTest.GoogleTest"/>
  <testcase name="test5" time="2.285" classname="GoogleTest.GoogleTest"/>
  <testcase name="test6" time="2.659" classname="GoogleTest.GoogleTest"/>
  <testcase name="test7" time="2.789" classname="GoogleTest.GoogleTest"/>
  <testcase name="test8" time="5.275" classname="GoogleTest.GoogleTest"/>
  <testcase name="test9" time="4.128" classname="GoogleTest.GoogleTest"/>
</testsuite> <!-- Google -->
