<?xml version="1.0" encoding="UTF-8"?>
<testng-results skipped="0" failed="0" ignored="0" total="1" passed="1">
  <reporter-output>
  </reporter-output>
  <suite name="Ebay Test Script" duration-ms="23939" started-at="2020-07-27T08:39:12Z" finished-at="2020-07-27T08:39:36Z">
    <groups>
    </groups>
    <test name="Ebay" duration-ms="23939" started-at="2020-07-27T08:39:12Z" finished-at="2020-07-27T08:39:36Z">
      <class name="ebay.ebayTest">
        <test-method status="PASS" signature="initilaize(java.lang.String)[pri:0, instance:ebay.ebayTest@2d554825]" name="initilaize" is-config="true" duration-ms="13964" started-at="2020-07-27T08:39:12Z" finished-at="2020-07-27T08:39:26Z">
          <params>
            <param index="0">
              <value>
                <![CDATA[https://www.ebay.com/]]>
              </value>
            </param>
          </params>
          <reporter-output>
          </reporter-output>
        </test-method> <!-- initilaize -->
        <test-method status="PASS" signature="searchDress()[pri:0, instance:ebay.ebayTest@2d554825]" name="searchDress" duration-ms="5461" started-at="2020-07-27T08:39:26Z" finished-at="2020-07-27T08:39:32Z">
          <reporter-output>
          </reporter-output>
        </test-method> <!-- searchDress -->
        <test-method status="PASS" signature="cleanUp()[pri:0, instance:ebay.ebayTest@2d554825]" name="cleanUp" is-config="true" duration-ms="4465" started-at="2020-07-27T08:39:32Z" finished-at="2020-07-27T08:39:36Z">
          <reporter-output>
          </reporter-output>
        </test-method> <!-- cleanUp -->
      </class> <!-- ebay.ebayTest -->
    </test> <!-- Ebay -->
  </suite> <!-- Ebay Test Script -->
</testng-results>
